[debug] [2023-12-20T13:03:10.427Z] ----------------------------------------------------------------------
[debug] [2023-12-20T13:03:10.429Z] Command:       C:\Program Files\nodejs\node.exe C:\Users\sayen\AppData\Roaming\npm\node_modules\firebase-tools\lib\bin\firebase.js init
[debug] [2023-12-20T13:03:10.429Z] CLI Version:   13.0.2
[debug] [2023-12-20T13:03:10.429Z] Platform:      win32
[debug] [2023-12-20T13:03:10.430Z] Node Version:  v20.10.0
[debug] [2023-12-20T13:03:10.430Z] Time:          Wed Dec 20 2023 15:03:10 GMT+0200 (South Africa Standard Time)
[debug] [2023-12-20T13:03:10.430Z] ----------------------------------------------------------------------
[debug] 
[debug] [2023-12-20T13:03:10.434Z] > command requires scopes: ["email","openid","https://www.googleapis.com/auth/cloudplatformprojects.readonly","https://www.googleapis.com/auth/firebase","https://www.googleapis.com/auth/cloud-platform"]
[debug] [2023-12-20T13:03:10.434Z] > authorizing via signed-in user (sayensusteven68@gmail.com)
[info] 
     ######## #### ########  ######## ########     ###     ######  ########
     ##        ##  ##     ## ##       ##     ##  ##   ##  ##       ##
     ######    ##  ########  ######   ########  #########  ######  ######
     ##        ##  ##    ##  ##       ##     ## ##     ##       ## ##
     ##       #### ##     ## ######## ########  ##     ##  ######  ########

You're about to initialize a Firebase project in this directory:

  C:\Users\sayen\my-new-app\frontend

[info] 
=== Project Setup
[info] 
[info] First, let's associate this project directory with a Firebase project.
[info] You can create multiple project aliases by running firebase use --add, 
[info] but for now we'll just set up a default project.
[info] 
[debug] [2023-12-20T13:03:44.394Z] >>> [apiv2][query] GET https://firebase.googleapis.com/v1beta1/projects pageSize=100
[debug] [2023-12-20T13:03:45.674Z] <<< [apiv2][status] GET https://firebase.googleapis.com/v1beta1/projects 200
[debug] [2023-12-20T13:03:45.674Z] <<< [apiv2][body] GET https://firebase.googleapis.com/v1beta1/projects [omitted]
[info] i  Using project angular-stacker-403511 (My First Project) 
[info] 
=== Hosting Setup
[debug] [2023-12-20T13:04:01.606Z] >>> [apiv2][query] GET https://firebase.googleapis.com/v1beta1/projects/angular-stacker-403511 [none]
[debug] [2023-12-20T13:04:02.350Z] <<< [apiv2][status] GET https://firebase.googleapis.com/v1beta1/projects/angular-stacker-403511 200
[debug] [2023-12-20T13:04:02.351Z] <<< [apiv2][body] GET https://firebase.googleapis.com/v1beta1/projects/angular-stacker-403511 {"projectId":"angular-stacker-403511","projectNumber":"552131485834","displayName":"My First Project","name":"projects/angular-stacker-403511","resources":{"hostingSite":"angular-stacker-403511"},"state":"ACTIVE","etag":"1_ed56b337-f12c-4656-adb5-b82bf96fa0b2"}
[info] 
[info] Your public directory is the folder (relative to your project directory) that
[info] will contain Hosting assets to be uploaded with firebase deploy. If you
[info] have a build process for your assets, use your build's output directory.
[info] 
[debug] [2023-12-20T13:07:07.318Z] >>> [apiv2][query] GET https://www.gstatic.com/firebasejs/releases.json [none]
[debug] [2023-12-20T13:07:07.712Z] <<< [apiv2][status] GET https://www.gstatic.com/firebasejs/releases.json 200
[debug] [2023-12-20T13:07:07.712Z] <<< [apiv2][body] GET https://www.gstatic.com/firebasejs/releases.json {"current":{"version":"10.7.1","browserURL":"https://www.gstatic.com/firebasejs/10.7.1/firebase.js","packageURL":"https://www.gstatic.com/firebasejs/10.7.1/firebase.tgz"},"live":{"version":"10.7","browserURL":"https://www.gstatic.com/firebasejs/live/10.7/firebase.js","packageURL":"https://www.gstatic.com/firebasejs/live/10.7/firebase.tgz"},"components":{"analytics":"https://www.gstatic.com/firebasejs/10.7.1/firebase-analytics.js","app":"https://www.gstatic.com/firebasejs/10.7.1/firebase-app.js","app-check":"https://www.gstatic.com/firebasejs/10.7.1/firebase-app-check.js","auth":"https://www.gstatic.com/firebasejs/10.7.1/firebase-auth.js","auth/cordova":"https://www.gstatic.com/firebasejs/10.7.1/firebase-auth/cordova.js","functions":"https://www.gstatic.com/firebasejs/10.7.1/firebase-functions.js","firestore":"https://www.gstatic.com/firebasejs/10.7.1/firebase-firestore.js","firestore/lite":"https://www.gstatic.com/firebasejs/10.7.1/firebase-firestore/lite.js","installations":"https://www.gstatic.com/firebasejs/10.7.1/firebase-installations.js","storage":"https://www.gstatic.com/firebasejs/10.7.1/firebase-storage.js","performance":"https://www.gstatic.com/firebasejs/10.7.1/firebase-performance.js","remote-config":"https://www.gstatic.com/firebasejs/10.7.1/firebase-remote-config.js","messaging":"https://www.gstatic.com/firebasejs/10.7.1/firebase-messaging.js","messaging/sw":"https://www.gstatic.com/firebasejs/10.7.1/firebase-messaging/sw.js","database":"https://www.gstatic.com/firebasejs/10.7.1/firebase-database.js","firestore.memory":"https://www.gstatic.com/firebasejs/10.7.1/firebase-firestore.memory.js"}}
[info] +  Wrote ( my-new-app)/index.html 
[info] 
[info] i  Didn't detect a .git folder. Assuming C:\Users\sayen\my-new-app\frontend is the project root. 
[info] i  Authorizing with GitHub to upload your service account to a GitHub repository's secrets store. 
[info] 
[info] Visit this URL on this device to log in:
[info] https://github.com/login/oauth/authorize?client_id=89cf50f02ac6aaed3484&state=929891226&redirect_uri=http%3A%2F%2Flocalhost%3A9005&scope=read%3Auser%20repo%20public_repo
[info] 
[info] Waiting for authentication...
[debug] [2023-12-20T13:08:04.281Z] >>> [apiv2][query] POST https://github.com/login/oauth/access_token [none]
[debug] [2023-12-20T13:08:04.281Z] >>> [apiv2][body] POST https://github.com/login/oauth/access_token [stream]
[debug] [2023-12-20T13:08:04.675Z] <<< [apiv2][status] POST https://github.com/login/oauth/access_token 200
[debug] [2023-12-20T13:08:04.676Z] <<< [apiv2][body] POST https://github.com/login/oauth/access_token {"access_token":"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","token_type":"bearer","scope":"read:user,repo"}
[debug] [2023-12-20T13:08:04.686Z] >>> [apiv2][query] GET https://api.github.com/user [none]
[debug] [2023-12-20T13:08:05.061Z] <<< [apiv2][status] GET https://api.github.com/user 200
[debug] [2023-12-20T13:08:05.061Z] <<< [apiv2][body] GET https://api.github.com/user {"login":"Estavao","id":111559948,"node_id":"U_kgDOBqZFDA","avatar_url":"https://avatars.githubusercontent.com/u/111559948?v=4","gravatar_id":"","url":"https://api.github.com/users/Estavao","html_url":"https://github.com/Estavao","followers_url":"https://api.github.com/users/Estavao/followers","following_url":"https://api.github.com/users/Estavao/following{/other_user}","gists_url":"https://api.github.com/users/Estavao/gists{/gist_id}","starred_url":"https://api.github.com/users/Estavao/starred{/owner}{/repo}","subscriptions_url":"https://api.github.com/users/Estavao/subscriptions","organizations_url":"https://api.github.com/users/Estavao/orgs","repos_url":"https://api.github.com/users/Estavao/repos","events_url":"https://api.github.com/users/Estavao/events{/privacy}","received_events_url":"https://api.github.com/users/Estavao/received_events","type":"User","site_admin":false,"name":null,"company":null,"blog":"","location":null,"email":null,"hireable":null,"bio":null,"twitter_username":null,"public_repos":2,"public_gists":0,"followers":0,"following":1,"created_at":"2022-08-19T06:35:24Z","updated_at":"2022-08-19T06:35:24Z","private_gists":0,"total_private_repos":4,"owned_private_repos":4,"disk_usage":14,"collaborators":0,"two_factor_authentication":false,"plan":{"name":"free","space":976562499,"collaborators":0,"private_repos":10000}}
[info] 
[info] +  Success! Logged into GitHub as Estavao 
[info] 
